Arguments: 
  /home/ayomide/.nvm/versions/node/v10.11.0/bin/node /home/ayomide/.yarn/bin/yarn.js add nodemon babel-cli babel-preset-env babel-preset-stage-2 --dev

PATH: 
  /home/ayomide/.nvm/versions/node/v10.11.0/bin:/home/ayomide/.yarn/bin:/home/ayomide/.config/yarn/global/node_modules/.bin:~/.config/composer/vendor/bin:/usr/local/sbin:/usr/local/bin:/usr/sbin:/usr/bin:/sbin:/bin:/usr/games:/usr/local/games:/snap/bin:/usr/local/go/bin:/home/ayomide/Android/Sdk/tools:/home/ayomide/Android/Sdk/platform-tools:/home/ayomide/Desktop/go/bin

Yarn version: 
  1.9.4

Node version: 
  10.11.0

Platform: 
  linux x64

Trace: 
  Error: https://registry.yarnpkg.com/nodemon: ETIMEDOUT
      at Timeout._onTimeout (/home/ayomide/.yarn/lib/cli.js:138128:19)
      at ontimeout (timers.js:425:11)
      at tryOnTimeout (timers.js:289:5)
      at listOnTimeout (timers.js:252:5)
      at Timer.processTimers (timers.js:212:10)

npm manifest: 
  No manifest

yarn manifest: 
  No manifest

Lockfile: 
  No lockfile
